Arguments: 
  /usr/local/bin/node /usr/local/bin/yarn

PATH: 
  /Library/Frameworks/Python.framework/Versions/2.7/bin:/usr/local/bin:/usr/bin:/bin:/usr/sbin:/sbin:/opt/ImageMagick/bin:/usr/local/MacGPG2/bin:/Applications/Sublime Text 2.app/Contents/SharedSupport/bin

Yarn version: 
  0.23.4

Node version: 
  7.4.0

Platform: 
  darwin x64

npm manifest: 
  {
  	"name": "React",
  	"version": "1.0.0",
  	"main": "index.js",
  	"license": "MIT",
  	"script": {
  		"lint": "standard",
  		"build": "webpack"
  	},
  	"dependencies": {
  		"axios": "0.15.2",
  		"express": "4.14.0",
  		"history": "^4.4.0",
  		"lodash": "4.16.2",
  		"preact": "^6.4.0",
  		"preact-compat": "^3.9.3",
  		"preact-render-to-string": "^3.3.0",
  		"react": "15.3.2",
  		"react-dom": "15.3.2",
  		"react-redux": "4.4.0",
  		"react-router": "4.0.0-alpha.5",
  		"redux": "3.3.1",
  		"redux-thunk": "^2.1.0"
  	},
  	"devDependencies": {
  		"babel-core": "6.16.0",
  		"babel-jest": "16.0.0",
  		"babel-loader": "6.2.7",
  		"babel-plugin-transform-es2015-modules-commonjs": "^6.18.0",
  		"babel-polyfill": "^6.16.0",
  		"babel-preset-es2015": "6.18.0",
  		"babel-preset-es2017": "6.16.0",
  		"babel-preset-react": "6.16.0",
  		"babel-register": "6.16.0",
  		"css-loader": "^0.28.1",
  		"enzyme": "2.0.0",
  		"enzyme-to-json": "^1.3.0",
  		"eslint": "3.6.1",
  		"eslint-config-standard": "6.1.0",
  		"eslint-config-standard-jsx": "3.1.0",
  		"eslint-config-standard-react": "4.1.0",
  		"eslint-loader": "1.3.0",
  		"eslint-plugin-promise": "2.0.1",
  		"eslint-plugin-react": "6.3.0",
  		"eslint-plugin-standard": "2.0.0",
  		"jest": "15.1.1",
  		"jsdom": "9.5.0",
  		"json-loader": "0.5.4",
  		"react-addons-test-utils": "15.3.2",
  		"react-test-renderer": "15.3.2",
  		"style-loader": "0.13.1",
  		"webpack": "2.1.0-beta.25",
  		"webpack-dev-server": "1.16.2"
  	},
  	"directories": {
  		"test": "test"
  	},
  	"repository": {
  		"type": "git",
  		"url": "git+https://github.com/btholt/complete-intro-to-react.git"
  	},
  	"keywords": [
      "react",
      "workshop",
      "intro",
      "redux"
    ],
  	"bugs": {
  		"url": "https://github.com/btholt/complete-intro-to-react/issues"
  	},
  	"homepage": "https://github.com/btholt/complete-intro-to-react#readme"
  }

yarn manifest: 
  No manifest

Lockfile: 
  # THIS IS AN AUTOGENERATED FILE. DO NOT EDIT THIS FILE DIRECTLY.
  # yarn lockfile v1

Trace: 
  Error: https://registry.yarnpkg.com/resolve-pathname/-/resolve-pathname-2.1.0.tgz: Request failed "500 Internal Server Error"
      at Request.handleRequestError (/usr/local/lib/node_modules/yarn/lib/fetchers/tarball-fetcher.js:205:20)
      at emitOne (events.js:96:13)
      at Request.emit (events.js:188:7)
      at Request.onRequestResponse (/usr/local/lib/node_modules/yarn/node_modules/request/request.js:1074:10)
      at emitOne (events.js:96:13)
      at ClientRequest.emit (events.js:188:7)
      at HTTPParser.parserOnIncomingClient (_http_client.js:473:21)
      at HTTPParser.parserOnHeadersComplete (_http_common.js:99:23)
      at TLSSocket.socketOnData (_http_client.js:362:20)
      at emitOne (events.js:96:13)
      at TLSSocket.emit (events.js:188:7)
